<?xml version="1.0" encoding="UTF-8"?>
<testng-results skipped="0" failed="0" ignored="0" total="1" passed="1">
  <reporter-output>
  </reporter-output>
  <suite name="extentReport multi_Test" duration-ms="5705" started-at="2018-02-05T01:23:47Z" finished-at="2018-02-05T01:23:52Z">
    <groups>
    </groups>
    <test name="Smoke testcases" duration-ms="5705" started-at="2018-02-05T01:23:47Z" finished-at="2018-02-05T01:23:52Z">
      <class name="TestClasses.TestClass01">
        <test-method status="PASS" signature="anTTesting()[pri:0, instance:TestClasses.TestClass01@7a92922]" name="anTTesting" duration-ms="5678" started-at="2018-02-04T20:23:47Z" finished-at="2018-02-04T20:23:52Z">
          <reporter-output>
          </reporter-output>
        </test-method> <!-- anTTesting -->
      </class> <!-- TestClasses.TestClass01 -->
    </test> <!-- Smoke testcases -->
  </suite> <!-- extentReport multi_Test -->
</testng-results>
